{"/home/alex/projetti/gucci/crud-nodejs-mysql/src/app.js": {"path":"/home/alex/projetti/gucci/crud-nodejs-mysql/src/app.js","statementMap":{"0":{"start":{"line":1,"column":16},"end":{"line":1,"column":34}},"1":{"start":{"line":2,"column":13},"end":{"line":2,"column":28}},"2":{"start":{"line":3,"column":15},"end":{"line":3,"column":32}},"3":{"start":{"line":4,"column":14},"end":{"line":4,"column":30}},"4":{"start":{"line":5,"column":21},"end":{"line":5,"column":52}},"5":{"start":{"line":7,"column":12},"end":{"line":7,"column":21}},"6":{"start":{"line":10,"column":23},"end":{"line":10,"column":51}},"7":{"start":{"line":13,"column":0},"end":{"line":13,"column":42}},"8":{"start":{"line":14,"column":0},"end":{"line":14,"column":48}},"9":{"start":{"line":15,"column":0},"end":{"line":15,"column":30}},"10":{"start":{"line":18,"column":0},"end":{"line":18,"column":23}},"11":{"start":{"line":19,"column":0},"end":{"line":25,"column":14}},"12":{"start":{"line":26,"column":0},"end":{"line":26,"column":47}},"13":{"start":{"line":29,"column":0},"end":{"line":29,"column":29}},"14":{"start":{"line":32,"column":0},"end":{"line":32,"column":56}},"15":{"start":{"line":38,"column":0},"end":{"line":38,"column":21}}},"fnMap":{},"branchMap":{"0":{"loc":{"start":{"line":13,"column":16},"end":{"line":13,"column":40}},"type":"binary-expr","locations":[{"start":{"line":13,"column":16},"end":{"line":13,"column":32}},{"start":{"line":13,"column":36},"end":{"line":13,"column":40}}],"line":13},"1":{"loc":{"start":{"line":20,"column":8},"end":{"line":20,"column":38}},"type":"binary-expr","locations":[{"start":{"line":20,"column":8},"end":{"line":20,"column":30}},{"start":{"line":20,"column":34},"end":{"line":20,"column":38}}],"line":20},"2":{"loc":{"start":{"line":21,"column":8},"end":{"line":21,"column":40}},"type":"binary-expr","locations":[{"start":{"line":21,"column":8},"end":{"line":21,"column":30}},{"start":{"line":21,"column":34},"end":{"line":21,"column":40}}],"line":21},"3":{"loc":{"start":{"line":22,"column":12},"end":{"line":22,"column":48}},"type":"binary-expr","locations":[{"start":{"line":22,"column":12},"end":{"line":22,"column":38}},{"start":{"line":22,"column":42},"end":{"line":22,"column":48}}],"line":22},"4":{"loc":{"start":{"line":23,"column":8},"end":{"line":23,"column":38}},"type":"binary-expr","locations":[{"start":{"line":23,"column":8},"end":{"line":23,"column":30}},{"start":{"line":23,"column":34},"end":{"line":23,"column":38}}],"line":23},"5":{"loc":{"start":{"line":24,"column":12},"end":{"line":24,"column":57}},"type":"binary-expr","locations":[{"start":{"line":24,"column":12},"end":{"line":24,"column":36}},{"start":{"line":24,"column":40},"end":{"line":24,"column":57}}],"line":24}},"s":{"0":1,"1":1,"2":1,"3":1,"4":1,"5":1,"6":1,"7":1,"8":1,"9":1,"10":1,"11":1,"12":1,"13":1,"14":1,"15":1},"f":{},"b":{"0":[1,1],"1":[1,1],"2":[1,1],"3":[1,1],"4":[1,1],"5":[1,1]},"_coverageSchema":"1a1c01bbd47fc00a2c39e90264f33305004495a9","hash":"88d78282ecdcb374217f206c8539173bb6a151ad"}
,"/home/alex/projetti/gucci/crud-nodejs-mysql/src/controllers/customerController.js": {"path":"/home/alex/projetti/gucci/crud-nodejs-mysql/src/controllers/customerController.js","statementMap":{"0":{"start":{"line":1,"column":19},"end":{"line":1,"column":21}},"1":{"start":{"line":3,"column":0},"end":{"line":14,"column":2}},"2":{"start":{"line":4,"column":2},"end":{"line":13,"column":5}},"3":{"start":{"line":5,"column":4},"end":{"line":12,"column":7}},"4":{"start":{"line":6,"column":5},"end":{"line":8,"column":6}},"5":{"start":{"line":7,"column":6},"end":{"line":7,"column":20}},"6":{"start":{"line":9,"column":5},"end":{"line":11,"column":8}},"7":{"start":{"line":16,"column":0},"end":{"line":25,"column":2}},"8":{"start":{"line":17,"column":15},"end":{"line":17,"column":23}},"9":{"start":{"line":18,"column":2},"end":{"line":18,"column":23}},"10":{"start":{"line":19,"column":2},"end":{"line":24,"column":4}},"11":{"start":{"line":20,"column":18},"end":{"line":23,"column":6}},"12":{"start":{"line":21,"column":6},"end":{"line":21,"column":27}},"13":{"start":{"line":22,"column":6},"end":{"line":22,"column":24}},"14":{"start":{"line":27,"column":0},"end":{"line":36,"column":2}},"15":{"start":{"line":28,"column":17},"end":{"line":28,"column":27}},"16":{"start":{"line":29,"column":2},"end":{"line":35,"column":5}},"17":{"start":{"line":30,"column":4},"end":{"line":34,"column":7}},"18":{"start":{"line":31,"column":6},"end":{"line":33,"column":8}},"19":{"start":{"line":38,"column":0},"end":{"line":47,"column":2}},"20":{"start":{"line":39,"column":17},"end":{"line":39,"column":27}},"21":{"start":{"line":40,"column":22},"end":{"line":40,"column":30}},"22":{"start":{"line":41,"column":2},"end":{"line":46,"column":5}},"23":{"start":{"line":43,"column":2},"end":{"line":45,"column":5}},"24":{"start":{"line":44,"column":4},"end":{"line":44,"column":22}},"25":{"start":{"line":49,"column":0},"end":{"line":56,"column":1}},"26":{"start":{"line":50,"column":17},"end":{"line":50,"column":27}},"27":{"start":{"line":51,"column":2},"end":{"line":55,"column":5}},"28":{"start":{"line":52,"column":4},"end":{"line":54,"column":7}},"29":{"start":{"line":53,"column":6},"end":{"line":53,"column":24}},"30":{"start":{"line":58,"column":0},"end":{"line":58,"column":28}}},"fnMap":{"0":{"name":"(anonymous_0)","decl":{"start":{"line":3,"column":18},"end":{"line":3,"column":19}},"loc":{"start":{"line":3,"column":32},"end":{"line":14,"column":1}},"line":3},"1":{"name":"(anonymous_1)","decl":{"start":{"line":4,"column":20},"end":{"line":4,"column":21}},"loc":{"start":{"line":4,"column":35},"end":{"line":13,"column":3}},"line":4},"2":{"name":"(anonymous_2)","decl":{"start":{"line":5,"column":41},"end":{"line":5,"column":42}},"loc":{"start":{"line":5,"column":61},"end":{"line":12,"column":5}},"line":5},"3":{"name":"(anonymous_3)","decl":{"start":{"line":16,"column":18},"end":{"line":16,"column":19}},"loc":{"start":{"line":16,"column":32},"end":{"line":25,"column":1}},"line":16},"4":{"name":"(anonymous_4)","decl":{"start":{"line":19,"column":20},"end":{"line":19,"column":21}},"loc":{"start":{"line":19,"column":41},"end":{"line":24,"column":3}},"line":19},"5":{"name":"(anonymous_5)","decl":{"start":{"line":20,"column":71},"end":{"line":20,"column":72}},"loc":{"start":{"line":20,"column":90},"end":{"line":23,"column":5}},"line":20},"6":{"name":"(anonymous_6)","decl":{"start":{"line":27,"column":18},"end":{"line":27,"column":19}},"loc":{"start":{"line":27,"column":32},"end":{"line":36,"column":1}},"line":27},"7":{"name":"(anonymous_7)","decl":{"start":{"line":29,"column":20},"end":{"line":29,"column":21}},"loc":{"start":{"line":29,"column":35},"end":{"line":35,"column":3}},"line":29},"8":{"name":"(anonymous_8)","decl":{"start":{"line":30,"column":60},"end":{"line":30,"column":61}},"loc":{"start":{"line":30,"column":75},"end":{"line":34,"column":5}},"line":30},"9":{"name":"(anonymous_9)","decl":{"start":{"line":38,"column":20},"end":{"line":38,"column":21}},"loc":{"start":{"line":38,"column":34},"end":{"line":47,"column":1}},"line":38},"10":{"name":"(anonymous_10)","decl":{"start":{"line":41,"column":20},"end":{"line":41,"column":21}},"loc":{"start":{"line":41,"column":35},"end":{"line":46,"column":3}},"line":41},"11":{"name":"(anonymous_11)","decl":{"start":{"line":43,"column":70},"end":{"line":43,"column":71}},"loc":{"start":{"line":43,"column":85},"end":{"line":45,"column":3}},"line":43},"12":{"name":"(anonymous_12)","decl":{"start":{"line":49,"column":20},"end":{"line":49,"column":21}},"loc":{"start":{"line":49,"column":34},"end":{"line":56,"column":1}},"line":49},"13":{"name":"(anonymous_13)","decl":{"start":{"line":51,"column":20},"end":{"line":51,"column":21}},"loc":{"start":{"line":51,"column":41},"end":{"line":55,"column":3}},"line":51},"14":{"name":"(anonymous_14)","decl":{"start":{"line":52,"column":64},"end":{"line":52,"column":65}},"loc":{"start":{"line":52,"column":79},"end":{"line":54,"column":5}},"line":52}},"branchMap":{"0":{"loc":{"start":{"line":6,"column":5},"end":{"line":8,"column":6}},"type":"if","locations":[{"start":{"line":6,"column":5},"end":{"line":8,"column":6}},{"start":{},"end":{}}],"line":6}},"s":{"0":1,"1":1,"2":1,"3":1,"4":1,"5":0,"6":1,"7":1,"8":0,"9":0,"10":0,"11":0,"12":0,"13":0,"14":1,"15":0,"16":0,"17":0,"18":0,"19":1,"20":0,"21":0,"22":0,"23":0,"24":0,"25":1,"26":0,"27":0,"28":0,"29":0,"30":1},"f":{"0":1,"1":1,"2":1,"3":0,"4":0,"5":0,"6":0,"7":0,"8":0,"9":0,"10":0,"11":0,"12":0,"13":0,"14":0},"b":{"0":[0,1]},"_coverageSchema":"1a1c01bbd47fc00a2c39e90264f33305004495a9","hash":"a8ef81843aedf4c57cddf9dd36012c1ce304a97c"}
,"/home/alex/projetti/gucci/crud-nodejs-mysql/src/routes/customer.js": {"path":"/home/alex/projetti/gucci/crud-nodejs-mysql/src/routes/customer.js","statementMap":{"0":{"start":{"line":1,"column":15},"end":{"line":1,"column":42}},"1":{"start":{"line":3,"column":27},"end":{"line":3,"column":71}},"2":{"start":{"line":5,"column":0},"end":{"line":5,"column":41}},"3":{"start":{"line":6,"column":0},"end":{"line":6,"column":45}},"4":{"start":{"line":7,"column":0},"end":{"line":7,"column":51}},"5":{"start":{"line":8,"column":0},"end":{"line":8,"column":54}},"6":{"start":{"line":9,"column":0},"end":{"line":9,"column":53}},"7":{"start":{"line":11,"column":0},"end":{"line":11,"column":24}}},"fnMap":{},"branchMap":{},"s":{"0":1,"1":1,"2":1,"3":1,"4":1,"5":1,"6":1,"7":1},"f":{},"b":{},"_coverageSchema":"1a1c01bbd47fc00a2c39e90264f33305004495a9","hash":"d78cbef1eeaff9f095c72181bd91219c50fe9acb"}
}
